app/build/intermediates/manifest_merge_blame_file/debug/manifest-merger-blame-debug-report.txt
1<?xml version="1.0" encoding="utf-8"?>
2<manifest xmlns:android="http://schemas.android.com/apk/res/android"
3    package="io.github.project_travel_mate"
4    android:versionCode="49"
5    android:versionName="5.6.2" >
6
7    <uses-sdk
8        android:minSdkVersion="22"
8-->src\main\AndroidManifest.xml
9        android:targetSdkVersion="28" />
9-->src\main\AndroidManifest.xml
10
11    <uses-feature android:name="android.hardware.camera" />
11-->src\main\AndroidManifest.xml:6:5-60
11-->src\main\AndroidManifest.xml:6:19-57
12    <uses-feature
12-->src\main\AndroidManifest.xml:7:5-9:36
13        android:name="android.hardware.camera.autofocus"
13-->src\main\AndroidManifest.xml:8:9-57
14        android:required="false" />
14-->src\main\AndroidManifest.xml:9:9-33
15
16    <uses-permission android:name="android.permission.CAMERA" />
16-->src\main\AndroidManifest.xml:11:5-65
16-->src\main\AndroidManifest.xml:11:22-62
17    <uses-permission android:name="android.permission.WRITE_EXTERNAL_STORAGE" />
17-->src\main\AndroidManifest.xml:12:5-81
17-->src\main\AndroidManifest.xml:12:22-78
18    <uses-permission android:name="android.permission.BLUETOOTH" />
18-->src\main\AndroidManifest.xml:13:5-68
18-->src\main\AndroidManifest.xml:13:22-65
19    <uses-permission android:name="android.permission.WRITE_CONTACTS" />
19-->src\main\AndroidManifest.xml:14:5-73
19-->src\main\AndroidManifest.xml:14:22-70
20    <uses-permission android:name="android.permission.BLUETOOTH_ADMIN" />
20-->src\main\AndroidManifest.xml:15:5-74
20-->src\main\AndroidManifest.xml:15:22-71
21    <uses-permission android:name="android.permission.READ_PHONE_STATE" />
21-->src\main\AndroidManifest.xml:16:5-75
21-->src\main\AndroidManifest.xml:16:22-72
22    <uses-permission android:name="android.permission.WAKE_LOCK" />
22-->src\main\AndroidManifest.xml:17:5-68
22-->src\main\AndroidManifest.xml:17:22-65
23    <uses-permission android:name="android.permission.READ_EXTERNAL_STORAGE" />
23-->src\main\AndroidManifest.xml:18:5-80
23-->src\main\AndroidManifest.xml:18:22-77
24    <uses-permission android:name="android.permission.INTERNET" />
24-->src\main\AndroidManifest.xml:19:5-67
24-->src\main\AndroidManifest.xml:19:22-64
25    <uses-permission android:name="android.permission.ACCESS_NETWORK_STATE" />
25-->src\main\AndroidManifest.xml:20:5-79
25-->src\main\AndroidManifest.xml:20:22-76
26    <uses-permission android:name="android.permission.READ_CONTACTS" />
26-->src\main\AndroidManifest.xml:21:5-72
26-->src\main\AndroidManifest.xml:21:22-69
27    <uses-permission android:name="android.permission.READ_PROFILE" />
27-->src\main\AndroidManifest.xml:22:5-71
27-->src\main\AndroidManifest.xml:22:22-68
28    <uses-permission android:name="android.permission.ACCESS_COARSE_LOCATION" />
28-->src\main\AndroidManifest.xml:23:5-81
28-->src\main\AndroidManifest.xml:23:22-78
29    <uses-permission android:name="android.permission.ACCESS_FINE_LOCATION" />
29-->src\main\AndroidManifest.xml:24:5-79
29-->src\main\AndroidManifest.xml:24:22-76
30    <uses-permission android:name="android.permission.VIBRATE" />
30-->src\main\AndroidManifest.xml:25:5-66
30-->src\main\AndroidManifest.xml:25:22-63
31    <uses-permission android:name="android.permission.READ_CONTACTS" />
31-->src\main\AndroidManifest.xml:21:5-72
31-->src\main\AndroidManifest.xml:21:22-69
32    <uses-permission android:name="android.permission.CALL_PHONE" />
32-->src\main\AndroidManifest.xml:27:5-69
32-->src\main\AndroidManifest.xml:27:22-66
33
34    <uses-feature
34-->[com.journeyapps:zxing-android-embedded:3.4.0] AndroidManifest.xml:27:5-29:36
35        android:name="android.hardware.camera.front"
35-->[com.journeyapps:zxing-android-embedded:3.4.0] AndroidManifest.xml:28:9-53
36        android:required="false" />
36-->[com.journeyapps:zxing-android-embedded:3.4.0] AndroidManifest.xml:29:9-33
37    <uses-feature
37-->[com.journeyapps:zxing-android-embedded:3.4.0] AndroidManifest.xml:35:5-37:36
38        android:name="android.hardware.camera.flash"
38-->[com.journeyapps:zxing-android-embedded:3.4.0] AndroidManifest.xml:36:9-53
39        android:required="false" />
39-->[com.journeyapps:zxing-android-embedded:3.4.0] AndroidManifest.xml:37:9-33
40    <uses-feature
40-->[com.journeyapps:zxing-android-embedded:3.4.0] AndroidManifest.xml:38:5-40:36
41        android:name="android.hardware.screen.landscape"
41-->[com.journeyapps:zxing-android-embedded:3.4.0] AndroidManifest.xml:39:9-57
42        android:required="false" />
42-->[com.journeyapps:zxing-android-embedded:3.4.0] AndroidManifest.xml:40:9-33
43    <uses-feature
43-->[com.journeyapps:zxing-android-embedded:3.4.0] AndroidManifest.xml:41:5-43:36
44        android:name="android.hardware.wifi"
44-->[com.journeyapps:zxing-android-embedded:3.4.0] AndroidManifest.xml:42:9-45
45        android:required="false" />
45-->[com.journeyapps:zxing-android-embedded:3.4.0] AndroidManifest.xml:43:9-33
46    <uses-feature
46-->[com.google.android.gms:play-services-maps:12.0.1] AndroidManifest.xml:26:5-28:35
47        android:glEsVersion="0x00020000"
47-->[com.google.android.gms:play-services-maps:12.0.1] AndroidManifest.xml:27:9-41
48        android:required="true" /> <!-- Required by older versions of Google Play services to create GCM registration tokens -->
48-->[com.google.android.gms:play-services-maps:12.0.1] AndroidManifest.xml:28:9-32
49    <uses-permission android:name="com.google.android.c2dm.permission.RECEIVE" />
49-->[com.google.android.gms:play-services-gcm:12.0.1] AndroidManifest.xml:23:5-82
49-->[com.google.android.gms:play-services-gcm:12.0.1] AndroidManifest.xml:23:22-79
50
51    <permission
51-->[com.google.firebase:firebase-iid:12.0.1] AndroidManifest.xml:28:5-30:47
52        android:name="io.github.project_travel_mate.permission.C2D_MESSAGE"
52-->[com.google.firebase:firebase-iid:12.0.1] AndroidManifest.xml:29:9-63
53        android:protectionLevel="signature" />
53-->[com.google.firebase:firebase-iid:12.0.1] AndroidManifest.xml:30:9-44
54
55    <uses-permission android:name="io.github.project_travel_mate.permission.C2D_MESSAGE" />
55-->[com.google.firebase:firebase-iid:12.0.1] AndroidManifest.xml:32:5-79
55-->[com.google.firebase:firebase-iid:12.0.1] AndroidManifest.xml:32:22-76
56
57    <supports-screens
57-->[org.osmdroid:osmdroid-android:6.0.2] AndroidManifest.xml:11:5-14:40
58        android:anyDensity="true"
58-->[org.osmdroid:osmdroid-android:6.0.2] AndroidManifest.xml:12:9-34
59        android:largeScreens="true"
59-->[org.osmdroid:osmdroid-android:6.0.2] AndroidManifest.xml:13:9-36
60        android:normalScreens="true" />
60-->[org.osmdroid:osmdroid-android:6.0.2] AndroidManifest.xml:14:9-37
61
62    <uses-feature
62-->[org.osmdroid:osmdroid-android:6.0.2] AndroidManifest.xml:16:5-18:36
63        android:name="android.hardware.location.network"
63-->[org.osmdroid:osmdroid-android:6.0.2] AndroidManifest.xml:17:9-57
64        android:required="false" />
64-->[org.osmdroid:osmdroid-android:6.0.2] AndroidManifest.xml:18:9-33
65    <uses-feature
65-->[org.osmdroid:osmdroid-android:6.0.2] AndroidManifest.xml:19:5-21:36
66        android:name="android.hardware.location.gps"
66-->[org.osmdroid:osmdroid-android:6.0.2] AndroidManifest.xml:20:9-53
67        android:required="false" />
67-->[org.osmdroid:osmdroid-android:6.0.2] AndroidManifest.xml:21:9-33
68    <uses-feature
68-->[org.osmdroid:osmdroid-android:6.0.2] AndroidManifest.xml:22:5-24:36
69        android:name="android.hardware.telephony"
69-->[org.osmdroid:osmdroid-android:6.0.2] AndroidManifest.xml:23:9-50
70        android:required="false" />
70-->[org.osmdroid:osmdroid-android:6.0.2] AndroidManifest.xml:24:9-33
71
72    <uses-permission android:name="android.permission.RECEIVE_BOOT_COMPLETED" />
72-->[com.evernote:android-job:1.2.1] AndroidManifest.xml:14:5-81
72-->[com.evernote:android-job:1.2.1] AndroidManifest.xml:14:22-78
73
74    <application
74-->src\main\AndroidManifest.xml:29:5-229:19
75        android:name="io.github.project_travel_mate.TravelMateApplication"
75-->src\main\AndroidManifest.xml:30:9-46
76        android:allowBackup="true"
76-->src\main\AndroidManifest.xml:31:9-35
77        android:appComponentFactory="android.support.v4.app.CoreComponentFactory"
77-->[com.android.support:support-compat:28.0.0] AndroidManifest.xml:22:18-91
78        android:debuggable="true"
79        android:fullBackupContent="@xml/backup_descriptor"
79-->src\main\AndroidManifest.xml:32:9-59
80        android:icon="@drawable/google_travel_logo"
80-->src\main\AndroidManifest.xml:33:9-52
81        android:label="@string/app_name"
81-->src\main\AndroidManifest.xml:34:9-41
82        android:largeHeap="true"
82-->src\main\AndroidManifest.xml:35:9-33
83        android:screenOrientation="portrait"
83-->src\main\AndroidManifest.xml:36:9-45
84        android:supportsRtl="true"
84-->src\main\AndroidManifest.xml:37:9-35
85        android:testOnly="true"
86        android:theme="@style/AppTheme" >
86-->src\main\AndroidManifest.xml:38:9-40
87        <meta-data
87-->src\main\AndroidManifest.xml:41:9-45:21
88            android:name="com.google.android.gms.version"
88-->src\main\AndroidManifest.xml:42:13-58
89            android:value="@integer/google_play_services_version" >
89-->src\main\AndroidManifest.xml:43:13-66
90        </meta-data>
91
92        <activity android:name="io.github.project_travel_mate.destinations.Mapdisp" />
92-->src\main\AndroidManifest.xml:51:9-67
92-->src\main\AndroidManifest.xml:51:19-55
93        <activity android:name="io.github.project_travel_mate.destinations.Distances" />
93-->src\main\AndroidManifest.xml:52:9-60
93-->src\main\AndroidManifest.xml:52:19-57
94        <activity
94-->src\main\AndroidManifest.xml:53:9-55:46
95            android:name="io.github.project_travel_mate.friend.Main2Activity"
95-->src\main\AndroidManifest.xml:54:13-49
96            android:launchMode="singleTop" />
96-->src\main\AndroidManifest.xml:55:13-43
97        <activity
97-->src\main\AndroidManifest.xml:56:9-59:47
98            android:name="io.github.project_travel_mate.mytrips.TripImageActivity"
98-->src\main\AndroidManifest.xml:57:13-54
99            android:configChanges="orientation|screenSize"
99-->src\main\AndroidManifest.xml:58:13-59
100            android:theme="@style/AppTheme" />
100-->src\main\AndroidManifest.xml:59:13-44
101        <activity
101-->src\main\AndroidManifest.xml:60:9-77:20
102            android:name="io.github.project_travel_mate.MainActivity"
102-->src\main\AndroidManifest.xml:61:13-41
103            android:configChanges="orientation|screenSize"
103-->src\main\AndroidManifest.xml:62:13-59
104            android:label="@string/app_name"
104-->src\main\AndroidManifest.xml:63:13-45
105            android:theme="@style/AppThemeNoBar"
105-->src\main\AndroidManifest.xml:64:13-49
106            android:windowSoftInputMode="adjustResize" >
106-->src\main\AndroidManifest.xml:65:13-55
107            <intent-filter>
107-->src\main\AndroidManifest.xml:66:13-76:29
108                <action android:name="android.intent.action.VIEW" />
108-->src\main\AndroidManifest.xml:67:17-69
108-->src\main\AndroidManifest.xml:67:25-66
109
110                <category android:name="android.intent.category.DEFAULT" />
110-->src\main\AndroidManifest.xml:69:17-76
110-->src\main\AndroidManifest.xml:69:27-73
111                <category android:name="android.intent.category.BROWSABLE" />
111-->src\main\AndroidManifest.xml:70:17-78
111-->src\main\AndroidManifest.xml:70:27-75
112
113                <data android:host="project-travel-mate.github.io" />
113-->src\main\AndroidManifest.xml:72:17-70
113-->src\main\AndroidManifest.xml:72:23-67
114                <data android:scheme="https" />
114-->src\main\AndroidManifest.xml:72:17-70
114-->src\main\AndroidManifest.xml:73:23-45
115                <data android:scheme="http" />
115-->src\main\AndroidManifest.xml:72:17-70
115-->src\main\AndroidManifest.xml:73:23-45
116                <data android:pathPattern=".*" />
116-->src\main\AndroidManifest.xml:72:17-70
116-->src\main\AndroidManifest.xml:75:23-47
117            </intent-filter>
118        </activity>
119
120        <service
120-->src\main\AndroidManifest.xml:79:9-81:38
121            android:name="utils.GPSTracker"
121-->src\main\AndroidManifest.xml:80:13-44
122            android:enabled="true" />
122-->src\main\AndroidManifest.xml:81:13-35
123
124        <activity
124-->src\main\AndroidManifest.xml:83:9-86:54
125            android:name="io.github.project_travel_mate.utilities.ChecklistActivity"
125-->src\main\AndroidManifest.xml:84:13-56
126            android:label="@string/title_activity_select_city"
126-->src\main\AndroidManifest.xml:85:13-63
127            android:theme="@style/AppTheme_picker" />
127-->src\main\AndroidManifest.xml:86:13-51
128        <activity
128-->src\main\AndroidManifest.xml:87:9-90:54
129            android:name="io.github.project_travel_mate.travel.ShoppingCurrentCityActivity"
129-->src\main\AndroidManifest.xml:88:13-63
130            android:label="@string/title_activity_shopping_currentcity"
130-->src\main\AndroidManifest.xml:89:13-72
131            android:theme="@style/AppTheme_picker" />
131-->src\main\AndroidManifest.xml:90:13-51
132        <activity
132-->src\main\AndroidManifest.xml:91:9-95:54
133            android:name="io.github.project_travel_mate.travel.HotelsActivity"
133-->src\main\AndroidManifest.xml:92:13-50
134            android:configChanges="orientation|screenSize"
134-->src\main\AndroidManifest.xml:93:13-59
135            android:label="@string/title_activity_hotels"
135-->src\main\AndroidManifest.xml:94:13-58
136            android:theme="@style/AppTheme_picker" />
136-->src\main\AndroidManifest.xml:95:13-51
137        <activity
137-->src\main\AndroidManifest.xml:96:9-99:54
138            android:name="io.github.project_travel_mate.travel.MapViewRealTimeActivity"
138-->src\main\AndroidManifest.xml:97:13-59
139            android:label="@string/title_activity_map"
139-->src\main\AndroidManifest.xml:98:13-55
140            android:theme="@style/AppTheme_picker" />
140-->src\main\AndroidManifest.xml:99:13-51
141        <activity
141-->src\main\AndroidManifest.xml:100:9-113:20
142            android:name="io.github.project_travel_mate.SplashActivity"
142-->src\main\AndroidManifest.xml:101:13-43
143            android:label="@string/app_name"
143-->src\main\AndroidManifest.xml:102:13-45
144            android:theme="@style/AppThemeNoBar" >
144-->src\main\AndroidManifest.xml:103:13-49
145            <intent-filter>
145-->src\main\AndroidManifest.xml:104:13-108:29
146                <action android:name="android.intent.action.MAIN" />
146-->src\main\AndroidManifest.xml:105:17-69
146-->src\main\AndroidManifest.xml:105:25-66
147
148                <category android:name="android.intent.category.LAUNCHER" />
148-->src\main\AndroidManifest.xml:107:17-77
148-->src\main\AndroidManifest.xml:107:27-74
149            </intent-filter>
150
151            <meta-data
151-->src\main\AndroidManifest.xml:110:13-112:53
152                android:name="android.app.shortcuts"
152-->src\main\AndroidManifest.xml:111:17-53
153                android:resource="@xml/shortcuts" />
153-->src\main\AndroidManifest.xml:112:17-50
154        </activity>
155        <activity
155-->src\main\AndroidManifest.xml:114:9-117:54
156            android:name="io.github.project_travel_mate.destinations.funfacts.FunFactsActivity"
156-->src\main\AndroidManifest.xml:115:13-67
157            android:label="@string/title_activity_fun_facts"
157-->src\main\AndroidManifest.xml:116:13-61
158            android:theme="@style/AppTheme_picker" />
158-->src\main\AndroidManifest.xml:117:13-51
159        <activity android:name="io.github.project_travel_mate.utilities.ShareContactActivity" />
159-->src\main\AndroidManifest.xml:118:9-68
159-->src\main\AndroidManifest.xml:118:19-65
160        <activity
160-->src\main\AndroidManifest.xml:119:9-123:55
161            android:name="io.github.project_travel_mate.login.LoginActivity"
161-->src\main\AndroidManifest.xml:120:13-48
162            android:label="@string/title_activity_login"
162-->src\main\AndroidManifest.xml:121:13-57
163            android:theme="@style/AppThemeNoBar"
163-->src\main\AndroidManifest.xml:122:13-49
164            android:windowSoftInputMode="adjustPan" />
164-->src\main\AndroidManifest.xml:123:13-52
165        <activity
165-->src\main\AndroidManifest.xml:124:9-126:52
166            android:name="io.github.project_travel_mate.destinations.description.FinalCityInfoActivity"
166-->src\main\AndroidManifest.xml:125:13-75
167            android:theme="@style/AppThemeNoBar" />
167-->src\main\AndroidManifest.xml:126:13-49
168        <activity android:name="io.github.project_travel_mate.destinations.description.PlacesOnMapActivity" />
168-->src\main\AndroidManifest.xml:127:9-82
168-->src\main\AndroidManifest.xml:127:19-79
169        <activity android:name="io.github.project_travel_mate.mytrips.AddNewTripActivity" />
169-->src\main\AndroidManifest.xml:128:9-64
169-->src\main\AndroidManifest.xml:128:19-61
170        <activity
170-->src\main\AndroidManifest.xml:129:9-132:57
171            android:name="io.github.project_travel_mate.mytrips.MyTripInfoActivity"
171-->src\main\AndroidManifest.xml:130:13-55
172            android:theme="@style/AppThemeNoBar"
172-->src\main\AndroidManifest.xml:131:13-49
173            android:windowSoftInputMode="stateHidden" />
173-->src\main\AndroidManifest.xml:132:13-54
174        <activity android:name="io.github.project_travel_mate.destinations.description.TweetsActivity" />
174-->src\main\AndroidManifest.xml:133:9-77
174-->src\main\AndroidManifest.xml:133:19-74
175        <activity
175-->src\main\AndroidManifest.xml:134:9-137:52
176            android:name="io.github.project_travel_mate.VerifyEmailActivity"
176-->src\main\AndroidManifest.xml:135:13-48
177            android:label="@string/verify_email"
177-->src\main\AndroidManifest.xml:136:13-49
178            android:theme="@style/AppThemeNoBar" />
178-->src\main\AndroidManifest.xml:137:13-49
179
180        <provider
180-->src\main\AndroidManifest.xml:139:9-147:20
181            android:name="android.support.v4.content.FileProvider"
181-->src\main\AndroidManifest.xml:140:13-67
182            android:authorities="io.github.project_travel_mate.shareFile"
182-->src\main\AndroidManifest.xml:141:13-74
183            android:exported="false"
183-->src\main\AndroidManifest.xml:142:13-37
184            android:grantUriPermissions="true" >
184-->src\main\AndroidManifest.xml:143:13-47
185            <meta-data
185-->src\main\AndroidManifest.xml:144:13-146:58
186                android:name="android.support.FILE_PROVIDER_PATHS"
186-->src\main\AndroidManifest.xml:145:17-67
187                android:resource="@xml/provider_paths" />
187-->src\main\AndroidManifest.xml:146:17-55
188        </provider>
189
190        <activity
190-->src\main\AndroidManifest.xml:149:9-151:62
191            android:name="io.github.project_travel_mate.ProfileActivity"
191-->src\main\AndroidManifest.xml:150:13-44
192            android:configChanges="orientation|screenSize" />
192-->src\main\AndroidManifest.xml:151:13-59
193        <activity android:name="io.github.project_travel_mate.friend.FriendsProfileActivity" />
193-->src\main\AndroidManifest.xml:152:9-67
193-->src\main\AndroidManifest.xml:152:19-64
194        <activity android:name="io.github.project_travel_mate.notifications.NotificationsActivity" />
194-->src\main\AndroidManifest.xml:153:9-73
194-->src\main\AndroidManifest.xml:153:19-70
195        <activity
195-->src\main\AndroidManifest.xml:154:9-156:60
196            android:name="io.github.project_travel_mate.FullScreenImage"
196-->src\main\AndroidManifest.xml:155:13-44
197            android:theme="@style/FullProfileImageTheme" />
197-->src\main\AndroidManifest.xml:156:13-57
198        <activity android:name="io.github.project_travel_mate.utilities.WeatherForecastActivity" />
198-->src\main\AndroidManifest.xml:157:9-71
198-->src\main\AndroidManifest.xml:157:19-68
199        <activity android:name="io.github.project_travel_mate.utilities.CompassActivity" />
199-->src\main\AndroidManifest.xml:158:9-63
199-->src\main\AndroidManifest.xml:158:19-60
200        <activity android:name="io.github.project_travel_mate.utilities.CurrencyActivity" />
200-->src\main\AndroidManifest.xml:159:9-64
200-->src\main\AndroidManifest.xml:159:19-61
201        <activity android:name="io.github.project_travel_mate.utilities.WorldClockActivity" />
201-->src\main\AndroidManifest.xml:160:9-66
201-->src\main\AndroidManifest.xml:160:19-63
202        <activity android:name="io.github.project_travel_mate.utilities.CurrencyListViewActivity" />
202-->src\main\AndroidManifest.xml:161:9-72
202-->src\main\AndroidManifest.xml:161:19-69
203        <activity android:name="io.github.project_travel_mate.utilities.TimezoneListViewActivity" />
203-->src\main\AndroidManifest.xml:162:9-72
203-->src\main\AndroidManifest.xml:162:19-69
204        <activity android:name="io.github.project_travel_mate.destinations.description.WeatherActivity" />
204-->src\main\AndroidManifest.xml:163:9-78
204-->src\main\AndroidManifest.xml:163:19-75
205        <activity android:name="io.github.project_travel_mate.utilities.UpcomingWeekendsActivity" />
205-->src\main\AndroidManifest.xml:164:9-72
205-->src\main\AndroidManifest.xml:164:19-69
206        <activity android:name="io.github.project_travel_mate.destinations.description.CityHistoryActivity" />
206-->src\main\AndroidManifest.xml:165:9-82
206-->src\main\AndroidManifest.xml:165:19-79
207        <activity android:name="io.github.project_travel_mate.destinations.description.CityMapActivity" />
207-->src\main\AndroidManifest.xml:166:9-78
207-->src\main\AndroidManifest.xml:166:19-75
208        <activity android:name="io.github.project_travel_mate.travel.ListViewRealTimeActivity" />
208-->src\main\AndroidManifest.xml:167:9-69
208-->src\main\AndroidManifest.xml:167:19-66
209        <activity android:name="io.github.project_travel_mate.destinations.description.RestaurantsActivity" />
209-->src\main\AndroidManifest.xml:168:9-82
209-->src\main\AndroidManifest.xml:168:19-79
210        <activity android:name="io.github.project_travel_mate.destinations.description.TweetsDescriptionActivity" />
210-->src\main\AndroidManifest.xml:169:9-88
210-->src\main\AndroidManifest.xml:169:19-85
211        <activity android:name="com.theartofdev.edmodo.cropper.CropImageActivity" />
211-->src\main\AndroidManifest.xml:170:9-85
211-->src\main\AndroidManifest.xml:170:19-82
212        <activity
212-->src\main\AndroidManifest.xml:171:9-173:66
213            android:name="io.github.project_travel_mate.utilities.QuotesActivity"
213-->src\main\AndroidManifest.xml:172:13-53
214            android:theme="@style/Theme.AppCompat.NoActionBar" />
214-->src\main\AndroidManifest.xml:173:13-63
215        <activity
215-->src\main\AndroidManifest.xml:174:9-184:20
216            android:name="io.github.project_travel_mate.DeleteProfilePictureActivity"
216-->src\main\AndroidManifest.xml:175:13-57
217            android:icon="@drawable/ic_delete_round"
217-->src\main\AndroidManifest.xml:176:13-53
218            android:label="@string/remove_photo"
218-->src\main\AndroidManifest.xml:177:13-49
219            android:theme="@android:style/Theme.NoDisplay" >
219-->src\main\AndroidManifest.xml:178:13-59
220            <intent-filter>
220-->src\main\AndroidManifest.xml:179:13-183:29
221                <action android:name="android.intent.action.DELETE" />
221-->src\main\AndroidManifest.xml:180:17-71
221-->src\main\AndroidManifest.xml:180:25-68
222
223                <category android:name="android.intent.category.DEFAULT" />
223-->src\main\AndroidManifest.xml:69:17-76
223-->src\main\AndroidManifest.xml:69:27-73
224            </intent-filter>
225        </activity>
226        <activity
226-->src\main\AndroidManifest.xml:185:9-187:52
227            android:name="io.github.project_travel_mate.destinations.description.RestaurantDetailsActivity"
227-->src\main\AndroidManifest.xml:186:13-79
228            android:theme="@style/AppThemeNoBar" />
228-->src\main\AndroidManifest.xml:187:13-49
229
230        <receiver android:name="widget.CheckListWidgetProvider" >
230-->src\main\AndroidManifest.xml:189:9-199:20
230-->src\main\AndroidManifest.xml:189:19-64
231            <intent-filter>
231-->src\main\AndroidManifest.xml:190:13-194:29
232
233                <!-- This widget provider receives broadcast with following action name or simply onUpdate of AppWidgetProvider is called -->
234                <action android:name="android.appwidget.action.APPWIDGET_UPDATE" />
234-->src\main\AndroidManifest.xml:193:17-84
234-->src\main\AndroidManifest.xml:193:25-81
235            </intent-filter>
236            <!-- linking up xml file of appwidget-provider to AppWidgetProvider -->
237            <meta-data
237-->src\main\AndroidManifest.xml:196:13-198:65
238                android:name="android.appwidget.provider"
238-->src\main\AndroidManifest.xml:197:17-58
239                android:resource="@xml/checklist_widget_info" />
239-->src\main\AndroidManifest.xml:198:17-62
240        </receiver>
241
242        <service
242-->src\main\AndroidManifest.xml:201:9-203:72
243            android:name="widget.CheckListWidgetService"
243-->src\main\AndroidManifest.xml:202:13-57
244            android:permission="android.permission.BIND_REMOTEVIEWS" />
244-->src\main\AndroidManifest.xml:203:13-69
245
246        <meta-data
246-->src\main\AndroidManifest.xml:205:9-207:57
247            android:name="preloaded_fonts"
247-->src\main\AndroidManifest.xml:206:13-43
248            android:resource="@array/preloaded_fonts" />
248-->src\main\AndroidManifest.xml:207:13-54
249
250        <receiver android:name="widget.ClockWidget" >
250-->src\main\AndroidManifest.xml:209:9-217:20
250-->src\main\AndroidManifest.xml:209:19-52
251            <intent-filter>
251-->src\main\AndroidManifest.xml:190:13-194:29
252                <action android:name="android.appwidget.action.APPWIDGET_UPDATE" />
252-->src\main\AndroidManifest.xml:193:17-84
252-->src\main\AndroidManifest.xml:193:25-81
253            </intent-filter>
254
255            <meta-data
255-->src\main\AndroidManifest.xml:196:13-198:65
256                android:name="android.appwidget.provider"
256-->src\main\AndroidManifest.xml:197:17-58
257                android:resource="@xml/clock_widget_info" />
257-->src\main\AndroidManifest.xml:198:17-62
258        </receiver>
259
260        <activity android:name="widget.ClockWidgetConfigureActivity" >
260-->src\main\AndroidManifest.xml:219:9-223:20
260-->src\main\AndroidManifest.xml:219:19-69
261            <intent-filter>
261-->src\main\AndroidManifest.xml:220:13-222:29
262                <action android:name="android.appwidget.action.APPWIDGET_CONFIGURE" />
262-->src\main\AndroidManifest.xml:221:17-87
262-->src\main\AndroidManifest.xml:221:25-84
263            </intent-filter>
264        </activity>
265
266        <meta-data
266-->src\main\AndroidManifest.xml:224:9-226:70
267            android:name="com.google.android.geo.API_KEY"
267-->src\main\AndroidManifest.xml:225:13-58
268            android:value="AIzaSyCZkX4ptMBwaNL87lWAGgkPzy_Nv7ivJec" />
268-->src\main\AndroidManifest.xml:226:13-68
269
270        <uses-library
270-->src\main\AndroidManifest.xml:227:9-88
271            android:name="org.apache.http.legacy"
271-->src\main\AndroidManifest.xml:227:23-60
272            android:required="false" />
272-->src\main\AndroidManifest.xml:227:61-85
273
274        <activity
274-->[com.journeyapps:zxing-android-embedded:3.4.0] AndroidManifest.xml:46:9-52:63
275            android:name="com.journeyapps.barcodescanner.CaptureActivity"
275-->[com.journeyapps:zxing-android-embedded:3.4.0] AndroidManifest.xml:47:13-74
276            android:clearTaskOnLaunch="true"
276-->[com.journeyapps:zxing-android-embedded:3.4.0] AndroidManifest.xml:48:13-45
277            android:screenOrientation="sensorLandscape"
277-->[com.journeyapps:zxing-android-embedded:3.4.0] AndroidManifest.xml:49:13-56
278            android:stateNotNeeded="true"
278-->[com.journeyapps:zxing-android-embedded:3.4.0] AndroidManifest.xml:50:13-42
279            android:theme="@style/zxing_CaptureTheme"
279-->[com.journeyapps:zxing-android-embedded:3.4.0] AndroidManifest.xml:51:13-54
280            android:windowSoftInputMode="stateAlwaysHidden" />
280-->[com.journeyapps:zxing-android-embedded:3.4.0] AndroidManifest.xml:52:13-60
281
282        <receiver
282-->[com.google.android.gms:play-services-analytics:12.0.1] AndroidManifest.xml:30:9-34:20
283            android:name="com.google.android.gms.analytics.AnalyticsReceiver"
283-->[com.google.android.gms:play-services-analytics:12.0.1] AndroidManifest.xml:31:13-78
284            android:enabled="true"
284-->[com.google.android.gms:play-services-analytics:12.0.1] AndroidManifest.xml:32:13-35
285            android:exported="false" >
285-->[com.google.android.gms:play-services-analytics:12.0.1] AndroidManifest.xml:33:13-37
286        </receiver>
287
288        <service
288-->[com.google.android.gms:play-services-analytics:12.0.1] AndroidManifest.xml:36:9-39:40
289            android:name="com.google.android.gms.analytics.AnalyticsService"
289-->[com.google.android.gms:play-services-analytics:12.0.1] AndroidManifest.xml:37:13-77
290            android:enabled="true"
290-->[com.google.android.gms:play-services-analytics:12.0.1] AndroidManifest.xml:38:13-35
291            android:exported="false" />
291-->[com.google.android.gms:play-services-analytics:12.0.1] AndroidManifest.xml:39:13-37
292        <service
292-->[com.google.android.gms:play-services-analytics:12.0.1] AndroidManifest.xml:40:9-44:72
293            android:name="com.google.android.gms.analytics.AnalyticsJobService"
293-->[com.google.android.gms:play-services-analytics:12.0.1] AndroidManifest.xml:41:13-80
294            android:enabled="true"